{"numFailedTestSuites":0,"numFailedTests":0,"numPassedTestSuites":2,"numPassedTests":4,"numPendingTestSuites":0,"numPendingTests":0,"numRuntimeErrorTestSuites":0,"numTodoTests":0,"numTotalTestSuites":2,"numTotalTests":4,"openHandles":[],"snapshot":{"added":0,"didUpdate":false,"failure":false,"filesAdded":0,"filesRemoved":0,"filesRemovedList":[],"filesUnmatched":0,"filesUpdated":0,"matched":0,"total":0,"unchecked":0,"uncheckedKeysByFile":[],"unmatched":0,"updated":0},"startTime":1778305858887,"success":true,"testResults":[{"assertionResults":[{"ancestorTitles":["CriticAgent Phase 3 recovery"],"duration":2194,"failureDetails":[],"failureMessages":[],"fullName":"CriticAgent Phase 3 recovery returns pass after executing recovery when initial critic status is fail","invocations":1,"location":null,"numPassingAsserts":3,"retryReasons":[],"status":"passed","title":"returns pass after executing recovery when initial critic status is fail"}],"endTime":1778305881612,"message":"","name":"C:\\Users\\KENIKOOL TECH WORLD\\Desktop\\ForgeAI\\src\\extension\\agents\\__tests__\\CriticAgent.recovery.test.ts","startTime":1778305861078,"status":"passed","summary":""},{"assertionResults":[{"ancestorTitles":["RecoveryExecutor (Phase 3)"],"duration":4,"failureDetails":[],"failureMessages":[],"fullName":"RecoveryExecutor (Phase 3) matchErrorPattern recognizes missing dependency","invocations":1,"location":null,"numPassingAsserts":4,"retryReasons":[],"status":"passed","title":"matchErrorPattern recognizes missing dependency"},{"ancestorTitles":["RecoveryExecutor (Phase 3)"],"duration":14,"failureDetails":[],"failureMessages":[],"fullName":"RecoveryExecutor (Phase 3) executeRecovery runs recovery steps for a matched error","invocations":1,"location":null,"numPassingAsserts":4,"retryReasons":[],"status":"passed","title":"executeRecovery runs recovery steps for a matched error"},{"ancestorTitles":["RecoveryExecutor (Phase 3)"],"duration":32,"failureDetails":[],"failureMessages":[],"fullName":"RecoveryExecutor (Phase 3) executeRecovery returns failed when no pattern matches","invocations":1,"location":null,"numPassingAsserts":3,"retryReasons":[],"status":"passed","title":"executeRecovery returns failed when no pattern matches"}],"endTime":1778305882663,"message":"","name":"C:\\Users\\KENIKOOL TECH WORLD\\Desktop\\ForgeAI\\src\\extension\\orchestrator\\__tests__\\RecoveryExecutor.test.ts","startTime":1778305882078,"status":"passed","summary":""}],"wasInterrupted":false}
